<?xml version="1.0" encoding="UTF-8"?>
<testng-results skipped="0" failed="0" ignored="0" total="1" passed="1">
  <reporter-output>
  </reporter-output>
  <suite name="Default suite" duration-ms="2966" started-at="2020-07-10T19:21:52Z" finished-at="2020-07-10T19:21:55Z">
    <groups>
    </groups>
    <test name="Default test" duration-ms="2966" started-at="2020-07-10T19:21:52Z" finished-at="2020-07-10T19:21:55Z">
      <class name="Runner">
        <test-method status="PASS" signature="testDetail()[pri:0, instance:Runner@55a561cf]" name="testDetail" duration-ms="2935" started-at="2020-07-10T19:21:52Z" finished-at="2020-07-10T19:21:55Z">
          <reporter-output>
          </reporter-output>
        </test-method> <!-- testDetail -->
      </class> <!-- Runner -->
    </test> <!-- Default test -->
  </suite> <!-- Default suite -->
</testng-results>
